This is pdfTeX, Version 3.141592653-2.6-1.40.29 (TeX Live 2026) (preloaded format=pdflatex 2026.6.24)  25 JUN 2026 17:41
entering extended mode
 restricted \write18 enabled.
 file:line:error style messages enabled.
 %&-line parsing enabled.
**f:/Report/main.tex
(f:/Report/main.tex
LaTeX2e <2026-06-01>
L3 programming layer <2026-06-18>
(f:/texlive/2026/texmf-dist/tex/latex/extsizes/extreport.cls
Document Class: extreport 1996/10/08 v1.0 Non Standard LaTeX document class
(f:/texlive/2026/texmf-dist/tex/latex/extsizes/size14.clo
File: size14.clo 1999/11/11 v1.4a NON-Standard LaTeX file (size option)
) (f:/texlive/2026/texmf-dist/tex/latex/base/exscale.sty
Package: exscale 2025/12/24 v2.1j Standard LaTeX package exscale
LaTeX Font Info:    Redeclaring symbol font `largesymbols' on input line 57.
LaTeX Font Info:    Overwriting symbol font `largesymbols' in version `normal'
(Font)                  OMX/cmex/m/n --> OMX/cmex/m/n on input line 57.
LaTeX Font Info:    Overwriting symbol font `largesymbols' in version `bold'
(Font)                  OMX/cmex/m/n --> OMX/cmex/m/n on input line 57.
\big@size=\dimen150
)
\c@part=\count276
\c@chapter=\count277
\c@section=\count278
\c@subsection=\count279
\c@subsubsection=\count280
\c@paragraph=\count281
\c@subparagraph=\count282
\c@figure=\count283
\c@table=\count284
\abovecaptionskip=\skip49
\belowcaptionskip=\skip50
\bibindent=\dimen151
) (f:/texlive/2026/texmf-dist/tex/latex/base/fontenc.sty
Package: fontenc 2025/07/18 v2.1d Standard LaTeX package
 (f:/texlive/2026/texmf-dist/tex/latex/vntex/t5enc.def
File: t5enc.def 2006/11/21 v1.4 Vietnamese T5 encoding
Now handling font encoding T5 ...
... processing UTF-8 mapping file for font encoding T5
 (f:/texlive/2026/texmf-dist/tex/latex/vntex/t5enc.dfu
File: t5enc.dfu 2006/08/19 v1.1 UTF8 support for Vietnamese
   defining Unicode char U+00AB (decimal 171)
   defining Unicode char U+00BB (decimal 187)
   defining Unicode char U+00C0 (decimal 192)
   defining Unicode char U+00C1 (decimal 193)
   defining Unicode char U+00C2 (decimal 194)
   defining Unicode char U+00C3 (decimal 195)
   defining Unicode char U+00C8 (decimal 200)
   defining Unicode char U+00C9 (decimal 201)
   defining Unicode char U+00CA (decimal 202)
   defining Unicode char U+00CC (decimal 204)
   defining Unicode char U+00CD (decimal 205)
   defining Unicode char U+00D2 (decimal 210)
   defining Unicode char U+00D3 (decimal 211)
   defining Unicode char U+00D4 (decimal 212)
   defining Unicode char U+00D5 (decimal 213)
   defining Unicode char U+00D9 (decimal 217)
   defining Unicode char U+00DA (decimal 218)
   defining Unicode char U+00DD (decimal 221)
   defining Unicode char U+00E0 (decimal 224)
   defining Unicode char U+00E1 (decimal 225)
   defining Unicode char U+00E2 (decimal 226)
   defining Unicode char U+00E3 (decimal 227)
   defining Unicode char U+00E8 (decimal 232)
   defining Unicode char U+00E9 (decimal 233)
   defining Unicode char U+00EA (decimal 234)
   defining Unicode char U+00EC (decimal 236)
   defining Unicode char U+00ED (decimal 237)
   defining Unicode char U+00F2 (decimal 242)
   defining Unicode char U+00F3 (decimal 243)
   defining Unicode char U+00F4 (decimal 244)
   defining Unicode char U+00F5 (decimal 245)
   defining Unicode char U+00F9 (decimal 249)
   defining Unicode char U+00FA (decimal 250)
   defining Unicode char U+00FD (decimal 253)
   defining Unicode char U+0102 (decimal 258)
   defining Unicode char U+0103 (decimal 259)
   defining Unicode char U+0110 (decimal 272)
   defining Unicode char U+0111 (decimal 273)
   defining Unicode char U+0128 (decimal 296)
   defining Unicode char U+0129 (decimal 297)
   defining Unicode char U+0131 (decimal 305)
   defining Unicode char U+0168 (decimal 360)
   defining Unicode char U+0169 (decimal 361)
   defining Unicode char U+01A0 (decimal 416)
   defining Unicode char U+01A1 (decimal 417)
   defining Unicode char U+01AF (decimal 431)
   defining Unicode char U+01B0 (decimal 432)
   defining Unicode char U+1EA0 (decimal 7840)
   defining Unicode char U+1EA1 (decimal 7841)
   defining Unicode char U+1EA2 (decimal 7842)
   defining Unicode char U+1EA3 (decimal 7843)
   defining Unicode char U+1EA4 (decimal 7844)
   defining Unicode char U+1EA5 (decimal 7845)
   defining Unicode char U+1EA6 (decimal 7846)
   defining Unicode char U+1EA7 (decimal 7847)
   defining Unicode char U+1EA8 (decimal 7848)
   defining Unicode char U+1EA9 (decimal 7849)
   defining Unicode char U+1EAA (decimal 7850)
   defining Unicode char U+1EAB (decimal 7851)
   defining Unicode char U+1EAC (decimal 7852)
   defining Unicode char U+1EAD (decimal 7853)
   defining Unicode char U+1EAE (decimal 7854)
   defining Unicode char U+1EAF (decimal 7855)
   defining Unicode char U+1EB0 (decimal 7856)
   defining Unicode char U+1EB1 (decimal 7857)
   defining Unicode char U+1EB2 (decimal 7858)
   defining Unicode char U+1EB3 (decimal 7859)
   defining Unicode char U+1EB4 (decimal 7860)
   defining Unicode char U+1EB5 (decimal 7861)
   defining Unicode char U+1EB6 (decimal 7862)
   defining Unicode char U+1EB7 (decimal 7863)
   defining Unicode char U+1EB8 (decimal 7864)
   defining Unicode char U+1EB9 (decimal 7865)
   defining Unicode char U+1EBA (decimal 7866)
   defining Unicode char U+1EBB (decimal 7867)
   defining Unicode char U+1EBC (decimal 7868)
   defining Unicode char U+1EBD (decimal 7869)
   defining Unicode char U+1EBE (decimal 7870)
   defining Unicode char U+1EBF (decimal 7871)
   defining Unicode char U+1EC0 (decimal 7872)
   defining Unicode char U+1EC1 (decimal 7873)
   defining Unicode char U+1EC2 (decimal 7874)
   defining Unicode char U+1EC3 (decimal 7875)
   defining Unicode char U+1EC4 (decimal 7876)
   defining Unicode char U+1EC5 (decimal 7877)
   defining Unicode char U+1EC6 (decimal 7878)
   defining Unicode char U+1EC7 (decimal 7879)
   defining Unicode char U+1EC8 (decimal 7880)
   defining Unicode char U+1EC9 (decimal 7881)
   defining Unicode char U+1ECA (decimal 7882)
   defining Unicode char U+1ECB (decimal 7883)
   defining Unicode char U+1ECC (decimal 7884)
   defining Unicode char U+1ECD (decimal 7885)
   defining Unicode char U+1ECE (decimal 7886)
   defining Unicode char U+1ECF (decimal 7887)
   defining Unicode char U+1ED0 (decimal 7888)
   defining Unicode char U+1ED1 (decimal 7889)
   defining Unicode char U+1ED2 (decimal 7890)
   defining Unicode char U+1ED3 (decimal 7891)
   defining Unicode char U+1ED4 (decimal 7892)
   defining Unicode char U+1ED5 (decimal 7893)
   defining Unicode char U+1ED6 (decimal 7894)
   defining Unicode char U+1ED7 (decimal 7895)
   defining Unicode char U+1ED8 (decimal 7896)
   defining Unicode char U+1ED9 (decimal 7897)
   defining Unicode char U+1EDA (decimal 7898)
   defining Unicode char U+1EDB (decimal 7899)
   defining Unicode char U+1EDC (decimal 7900)
   defining Unicode char U+1EDD (decimal 7901)
   defining Unicode char U+1EDE (decimal 7902)
   defining Unicode char U+1EDF (decimal 7903)
   defining Unicode char U+1EE0 (decimal 7904)
   defining Unicode char U+1EE1 (decimal 7905)
   defining Unicode char U+1EE2 (decimal 7906)
   defining Unicode char U+1EE3 (decimal 7907)
   defining Unicode char U+1EE4 (decimal 7908)
   defining Unicode char U+1EE5 (decimal 7909)
   defining Unicode char U+1EE6 (decimal 7910)
   defining Unicode char U+1EE7 (decimal 7911)
   defining Unicode char U+1EE8 (decimal 7912)
   defining Unicode char U+1EE9 (decimal 7913)
   defining Unicode char U+1EEA (decimal 7914)
   defining Unicode char U+1EEB (decimal 7915)
   defining Unicode char U+1EEC (decimal 7916)
   defining Unicode char U+1EED (decimal 7917)
   defining Unicode char U+1EEE (decimal 7918)
   defining Unicode char U+1EEF (decimal 7919)
   defining Unicode char U+1EF0 (decimal 7920)
   defining Unicode char U+1EF1 (decimal 7921)
   defining Unicode char U+1EF2 (decimal 7922)
   defining Unicode char U+1EF3 (decimal 7923)
   defining Unicode char U+1EF4 (decimal 7924)
   defining Unicode char U+1EF5 (decimal 7925)
   defining Unicode char U+1EF6 (decimal 7926)
   defining Unicode char U+1EF7 (decimal 7927)
   defining Unicode char U+1EF8 (decimal 7928)
   defining Unicode char U+1EF9 (decimal 7929)
   defining Unicode char U+200C (decimal 8204)
   defining Unicode char U+2013 (decimal 8211)
   defining Unicode char U+2014 (decimal 8212)
   defining Unicode char U+2018 (decimal 8216)
   defining Unicode char U+2019 (decimal 8217)
   defining Unicode char U+201A (decimal 8218)
   defining Unicode char U+201C (decimal 8220)
   defining Unicode char U+201D (decimal 8221)
   defining Unicode char U+201E (decimal 8222)
   defining Unicode char U+2030 (decimal 8240)
   defining Unicode char U+2031 (decimal 8241)
   defining Unicode char U+2039 (decimal 8249)
   defining Unicode char U+203A (decimal 8250)
   defining Unicode char U+2423 (decimal 9251)
))
LaTeX Font Info:    Trying to load font information for T5+cmr on input line 116.
 (f:/texlive/2026/texmf-dist/tex/latex/vntex/t5cmr.fd
File: t5cmr.fd 1999/05/25 v2.5h Standard LaTeX font definitions
)) (f:/texlive/2026/texmf-dist/tex/latex/base/inputenc.sty
Package: inputenc 2024/02/08 v1.3d Input encoding file
\inpenc@prehook=\toks17
\inpenc@posthook=\toks18
) (f:/texlive/2026/texmf-dist/tex/latex/biblatex/biblatex.sty
Package: biblatex 2025/07/10 v3.21 programmable bibliographies (PK/MW)
 (f:/texlive/2026/texmf-dist/tex/generic/pdftexcmds/pdftexcmds.sty
Package: pdftexcmds 2020-06-27 v0.33 Utility functions of pdfTeX for LuaTeX (HO)
 (f:/texlive/2026/texmf-dist/tex/generic/infwarerr/infwarerr.sty
Package: infwarerr 2019/12/03 v1.5 Providing info/warning/error messages (HO)
) (f:/texlive/2026/texmf-dist/tex/generic/iftex/iftex.sty
Package: iftex 2024/12/12 v1.0g TeX engine tests
) (f:/texlive/2026/texmf-dist/tex/generic/ltxcmds/ltxcmds.sty
Package: ltxcmds 2023-12-04 v1.26 LaTeX kernel commands for general use (HO)
)
Package pdftexcmds Info: \pdf@primitive is available.
Package pdftexcmds Info: \pdf@ifprimitive is available.
Package pdftexcmds Info: \pdfdraftmode found.
) (f:/texlive/2026/texmf-dist/tex/latex/etoolbox/etoolbox.sty
Package: etoolbox 2025/10/02 v2.5m e-TeX tools for LaTeX (JAW)
\etb@tempcnta=\count285
) (f:/texlive/2026/texmf-dist/tex/latex/graphics/keyval.sty
Package: keyval 2026-05-17 v1.15 key=value parser (DPC)
\KV@toks@=\toks19
) (f:/texlive/2026/texmf-dist/tex/latex/kvoptions/kvoptions.sty
Package: kvoptions 2022-06-15 v3.15 Key value format for package options (HO)
 (f:/texlive/2026/texmf-dist/tex/latex/kvsetkeys/kvsetkeys.sty
Package: kvsetkeys 2022-10-05 v1.19 Key value parser (HO)
)) (f:/texlive/2026/texmf-dist/tex/latex/logreq/logreq.sty
Package: logreq 2010/08/04 v1.0 xml request logger
\lrq@indent=\count286
 (f:/texlive/2026/texmf-dist/tex/latex/logreq/logreq.def
File: logreq.def 2010/08/04 v1.0 logreq spec v1.0
)) (f:/texlive/2026/texmf-dist/tex/latex/base/ifthen.sty
Package: ifthen 2024/03/16 v1.1e Standard LaTeX ifthen package (DPC)
) (f:/texlive/2026/texmf-dist/tex/latex/url/url.sty
\Urlmuskip=\muskip17
Package: url 2013/09/16  ver 3.4  Verb mode for urls, etc.
)
\c@tabx@nest=\count287
\c@listtotal=\count288
\c@listcount=\count289
\c@liststart=\count290
\c@liststop=\count291
\c@citecount=\count292
\c@citetotal=\count293
\c@multicitecount=\count294
\c@multicitetotal=\count295
\c@instcount=\count296
\c@maxnames=\count297
\c@minnames=\count298
\c@maxitems=\count299
\c@minitems=\count300
\c@citecounter=\count301
\c@maxcitecounter=\count302
\c@savedcitecounter=\count303
\c@uniquelist=\count304
\c@uniquename=\count305
\c@refsection=\count306
\c@refsegment=\count307
\c@maxextratitle=\count308
\c@maxextratitleyear=\count309
\c@maxextraname=\count310
\c@maxextradate=\count311
\c@maxextraalpha=\count312
\c@abbrvpenalty=\count313
\c@highnamepenalty=\count314
\c@lownamepenalty=\count315
\c@maxparens=\count316
\c@parenlevel=\count317
\blx@tempcnta=\count318
\blx@tempcntb=\count319
\blx@tempcntc=\count320
\c@blx@maxsection=\count321
\blx@maxsegment@0=\count322
\blx@notetype=\count323
\blx@parenlevel@text=\count324
\blx@parenlevel@foot=\count325
\blx@sectionciteorder@0=\count326
\blx@sectionciteorderinternal@0=\count327
\blx@entrysetcounter=\count328
\blx@biblioinstance=\count329
\labelnumberwidth=\skip51
\labelalphawidth=\skip52
\biblabelsep=\skip53
\bibitemsep=\skip54
\bibnamesep=\skip55
\bibinitsep=\skip56
\bibparsep=\skip57
\bibhang=\skip58
\blx@bcfin=\read2
\blx@bcfout=\write3
\blx@langwohyphens=\language91
\c@mincomprange=\count330
\c@maxcomprange=\count331
\c@mincompwidth=\count332
Package biblatex Info: Trying to load biblatex default data model...
Package biblatex Info: ... file 'blx-dm.def' found.
 (f:/texlive/2026/texmf-dist/tex/latex/biblatex/blx-dm.def
File: blx-dm.def 2025/07/10 v3.21 biblatex datamodel (PK/MW)
)
Package biblatex Info: Trying to load biblatex style data model...
Package biblatex Info: ... file 'ieee.dbx' not found.
Package biblatex Info: Trying to load biblatex custom data model...
Package biblatex Info: ... file 'biblatex-dm.cfg' not found.
\c@afterword=\count333
\c@savedafterword=\count334
\c@annotator=\count335
\c@savedannotator=\count336
\c@author=\count337
\c@savedauthor=\count338
\c@bookauthor=\count339
\c@savedbookauthor=\count340
\c@commentator=\count341
\c@savedcommentator=\count342
\c@editor=\count343
\c@savededitor=\count344
\c@editora=\count345
\c@savededitora=\count346
\c@editorb=\count347
\c@savededitorb=\count348
\c@editorc=\count349
\c@savededitorc=\count350
\c@foreword=\count351
\c@savedforeword=\count352
\c@holder=\count353
\c@savedholder=\count354
\c@introduction=\count355
\c@savedintroduction=\count356
\c@namea=\count357
\c@savednamea=\count358
\c@nameb=\count359
\c@savednameb=\count360
\c@namec=\count361
\c@savednamec=\count362
\c@translator=\count363
\c@savedtranslator=\count364
\c@shortauthor=\count365
\c@savedshortauthor=\count366
\c@shorteditor=\count367
\c@savedshorteditor=\count368
\c@labelname=\count369
\c@savedlabelname=\count370
\c@institution=\count371
\c@savedinstitution=\count372
\c@lista=\count373
\c@savedlista=\count374
\c@listb=\count375
\c@savedlistb=\count376
\c@listc=\count377
\c@savedlistc=\count378
\c@listd=\count379
\c@savedlistd=\count380
\c@liste=\count381
\c@savedliste=\count382
\c@listf=\count383
\c@savedlistf=\count384
\c@location=\count385
\c@savedlocation=\count386
\c@organization=\count387
\c@savedorganization=\count388
\c@origlocation=\count389
\c@savedoriglocation=\count390
\c@origpublisher=\count391
\c@savedorigpublisher=\count392
\c@publisher=\count393
\c@savedpublisher=\count394
\c@language=\count395
\c@savedlanguage=\count396
\c@origlanguage=\count397
\c@savedoriglanguage=\count398
\c@pageref=\count399
\c@savedpageref=\count400
\shorthandwidth=\skip59
\shortjournalwidth=\skip60
\shortserieswidth=\skip61
\shorttitlewidth=\skip62
\shortauthorwidth=\skip63
\shorteditorwidth=\skip64
\locallabelnumberwidth=\skip65
\locallabelalphawidth=\skip66
\localshorthandwidth=\skip67
\localshortjournalwidth=\skip68
\localshortserieswidth=\skip69
\localshorttitlewidth=\skip70
\localshortauthorwidth=\skip71
\localshorteditorwidth=\skip72
Package biblatex Info: Trying to load compatibility code...
Package biblatex Info: ... file 'blx-compat.def' found.
 (f:/texlive/2026/texmf-dist/tex/latex/biblatex/blx-compat.def
File: blx-compat.def 2025/07/10 v3.21 biblatex compatibility (PK/MW)
)
Package biblatex Info: Trying to load generic definitions...
Package biblatex Info: ... file 'biblatex.def' found.
 (f:/texlive/2026/texmf-dist/tex/latex/biblatex/biblatex.def
File: biblatex.def 2025/07/10 v3.21 biblatex compatibility (PK/MW)
\c@textcitecount=\count401
\c@textcitetotal=\count402
\c@textcitemaxnames=\count403
\c@biburlbigbreakpenalty=\count404
\c@biburlbreakpenalty=\count405
\c@biburlnumpenalty=\count406
\c@biburlucpenalty=\count407
\c@biburllcpenalty=\count408
\biburlbigskip=\muskip18
\biburlnumskip=\muskip19
\biburlucskip=\muskip20
\biburllcskip=\muskip21
\c@smartand=\count409
)
Package biblatex Info: Trying to load bibliography style 'ieee'...
Package biblatex Info: ... file 'ieee.bbx' found.
 (f:/texlive/2026/texmf-dist/tex/latex/biblatex-ieee/ieee.bbx
File: ieee.bbx 2025-08-01 v1.4f biblatex bibliography style
Package biblatex Info: Trying to load bibliography style 'numeric-comp'...
Package biblatex Info: ... file 'numeric-comp.bbx' found.
 (f:/texlive/2026/texmf-dist/tex/latex/biblatex/bbx/numeric-comp.bbx
File: numeric-comp.bbx 2025/07/10 v3.21 biblatex bibliography style (PK/MW)
Package biblatex Info: Trying to load bibliography style 'numeric'...
Package biblatex Info: ... file 'numeric.bbx' found.
 (f:/texlive/2026/texmf-dist/tex/latex/biblatex/bbx/numeric.bbx
File: numeric.bbx 2025/07/10 v3.21 biblatex bibliography style (PK/MW)
Package biblatex Info: Trying to load bibliography style 'standard'...
Package biblatex Info: ... file 'standard.bbx' found.
 (f:/texlive/2026/texmf-dist/tex/latex/biblatex/bbx/standard.bbx
File: standard.bbx 2025/07/10 v3.21 biblatex bibliography style (PK/MW)
\c@bbx:relatedcount=\count410
\c@bbx:relatedtotal=\count411
))))
Package biblatex Info: Trying to load citation style 'ieee'...
Package biblatex Info: ... file 'ieee.cbx' found.
 (f:/texlive/2026/texmf-dist/tex/latex/biblatex-ieee/ieee.cbx
File: ieee.cbx 2025-08-01 v1.4f biblatex citation style
Package biblatex Info: Trying to load citation style 'numeric-verb'...
Package biblatex Info: ... file 'numeric-verb.cbx' found.
 (f:/texlive/2026/texmf-dist/tex/latex/biblatex/cbx/numeric-verb.cbx
File: numeric-verb.cbx 2025/07/10 v3.21 biblatex citation style (PK/MW)
Package biblatex Info: Redefining '\cite'.
Package biblatex Info: Redefining '\parencite'.
Package biblatex Info: Redefining '\footcite'.
Package biblatex Info: Redefining '\footcitetext'.
Package biblatex Info: Redefining '\smartcite'.
Package biblatex Info: Redefining '\textcite'.
Package biblatex Info: Redefining '\supercite'.
Package biblatex Info: Redefining '\parencites'.
Package biblatex Info: Redefining '\smartcites'.
Package biblatex Info: Redefining '\textcites'.
))
Package biblatex Info: Trying to load configuration file...
Package biblatex Info: ... file 'biblatex.cfg' found.
 (f:/texlive/2026/texmf-dist/tex/latex/biblatex/biblatex.cfg
File: biblatex.cfg 
)
Package biblatex Info: Input encoding 'utf8' detected.
Package biblatex Info: Document encoding is UTF8 ....
 (f:/texlive/2026/texmf-dist/tex/latex/l3kernel/expl3.sty
Package: expl3 2026-06-18 L3 programming layer (loader) 
 (f:/texlive/2026/texmf-dist/tex/latex/l3backend/l3backend-pdftex.def
File: l3backend-pdftex.def 2026-02-18 L3 backend support: PDF output (pdfTeX)
\l__color_backend_stack_int=\count412
))
Package biblatex Info: ... and expl3
(biblatex)             2026-06-18 L3 programming layer (loader) 
(biblatex)             is new enough (at least 2020/04/06),
(biblatex)             setting 'casechanger=expl3'.
 (f:/texlive/2026/texmf-dist/tex/latex/biblatex/blx-case-expl3.sty (f:/texlive/2026/texmf-dist/tex/latex/l3packages/xparse/xparse.sty
Package: xparse 2025-10-09 L3 Experimental document command parser
)
Package: blx-case-expl3 2025/07/10 v3.21 expl3 case changing code for biblatex
)) (f:/texlive/2026/texmf-dist/tex/latex/hyperref/hyperref.sty
Package: hyperref 2026-06-17 v7.01r Hypertext links for LaTeX
 (f:/texlive/2026/texmf-dist/tex/generic/kvdefinekeys/kvdefinekeys.sty
Package: kvdefinekeys 2019-12-19 v1.6 Define keys (HO)
) (f:/texlive/2026/texmf-dist/tex/generic/pdfescape/pdfescape.sty
Package: pdfescape 2019/12/09 v1.15 Implements pdfTeX's escape features (HO)
) (f:/texlive/2026/texmf-dist/tex/latex/hycolor/hycolor.sty
Package: hycolor 2020-01-27 v1.10 Color options for hyperref/bookmark (HO)
) (f:/texlive/2026/texmf-dist/tex/latex/hyperref/nameref.sty
Package: nameref 2026-01-29 v2.58 Cross-referencing by name of section
 (f:/texlive/2026/texmf-dist/tex/latex/refcount/refcount.sty
Package: refcount 2019/12/15 v3.6 Data extraction from label references (HO)
) (f:/texlive/2026/texmf-dist/tex/generic/gettitlestring/gettitlestring.sty
Package: gettitlestring 2019/12/15 v1.6 Cleanup title references (HO)
)
\c@section@level=\count413
) (f:/texlive/2026/texmf-dist/tex/generic/stringenc/stringenc.sty
Package: stringenc 2019/11/29 v1.12 Convert strings between diff. encodings (HO)
)
\@linkdim=\dimen152
\Hy@linkcounter=\count414
\Hy@pagecounter=\count415
 (f:/texlive/2026/texmf-dist/tex/latex/hyperref/pd1enc.def
File: pd1enc.def 2026-06-17 v7.01r Hyperref: PDFDocEncoding definition (HO)
Now handling font encoding PD1 ...
... no UTF-8 mapping file for font encoding PD1
) (f:/texlive/2026/texmf-dist/tex/generic/intcalc/intcalc.sty
Package: intcalc 2019/12/15 v1.3 Expandable calculations with integers (HO)
)
\Hy@SavedSpaceFactor=\count416
 (f:/texlive/2026/texmf-dist/tex/latex/hyperref/puenc.def
File: puenc.def 2026-06-17 v7.01r Hyperref: PDF Unicode definition (HO)
Now handling font encoding PU ...
... no UTF-8 mapping file for font encoding PU
)
Package hyperref Info: Option `unicode' set `true' on input line 4070.
Package hyperref Info: Hyper figures OFF on input line 4199.
Package hyperref Info: Link nesting OFF on input line 4204.
Package hyperref Info: Hyper index ON on input line 4207.
Package hyperref Info: Plain pages OFF on input line 4214.
Package hyperref Info: Backreferencing OFF on input line 4219.
Package hyperref Info: Implicit mode ON; LaTeX internals redefined.
Package hyperref Info: Bookmarks ON on input line 4466.
\c@Hy@tempcnt=\count417
LaTeX Info: Redefining \url on input line 4805.
\XeTeXLinkMargin=\dimen153
 (f:/texlive/2026/texmf-dist/tex/generic/bitset/bitset.sty
Package: bitset 2019/12/09 v1.3 Handle bit-vector datatype (HO)
 (f:/texlive/2026/texmf-dist/tex/generic/bigintcalc/bigintcalc.sty
Package: bigintcalc 2019/12/15 v1.5 Expandable calculations on big integers (HO)
))
\Fld@menulength=\count418
\Field@Width=\dimen154
\Fld@charsize=\dimen155
Package hyperref Info: Hyper figures OFF on input line 6091.
Package hyperref Info: Link nesting OFF on input line 6096.
Package hyperref Info: Hyper index ON on input line 6099.
Package hyperref Info: backreferencing OFF on input line 6106.
Package hyperref Info: Link coloring OFF on input line 6111.
Package hyperref Info: Link coloring with OCG OFF on input line 6116.
Package hyperref Info: PDF/A mode OFF on input line 6121.
\Hy@abspage=\count419
\c@Item=\count420
\c@Hfootnote=\count421
)
Package hyperref Info: Driver (autodetected): hpdftex.
 (f:/texlive/2026/texmf-dist/tex/latex/hyperref/hpdftex.def
File: hpdftex.def 2026-06-17 v7.01r Hyperref driver for pdfTeX
\Fld@listcount=\count422
\c@bookmark@seq@number=\count423
 (f:/texlive/2026/texmf-dist/tex/latex/rerunfilecheck/rerunfilecheck.sty
Package: rerunfilecheck 2025-06-21 v1.11 Rerun checks for auxiliary files (HO)
 (f:/texlive/2026/texmf-dist/tex/generic/uniquecounter/uniquecounter.sty
Package: uniquecounter 2019/12/15 v1.4 Provide unlimited unique counter (HO)
)
Package uniquecounter Info: New unique counter `rerunfilecheck' on input line 284.
)
\Hy@SectionHShift=\skip73
) (f:/texlive/2026/texmf-dist/tex/latex/graphics/graphicx.sty
Package: graphicx 2026-05-17 v1.2e Enhanced LaTeX Graphics (DPC,SPQR)
 (f:/texlive/2026/texmf-dist/tex/latex/graphics/graphics.sty
Package: graphics 2026-05-17 v1.4h Standard LaTeX Graphics (DPC,SPQR)
 (f:/texlive/2026/texmf-dist/tex/latex/graphics/trig.sty
Package: trig 2023/12/02 v1.11 sin cos tan (DPC)
) (f:/texlive/2026/texmf-dist/tex/latex/graphics-cfg/graphics.cfg
File: graphics.cfg 2016/06/04 v1.11 sample graphics configuration
)
Package graphics Info: Driver file: pdftex.def on input line 106.
 (f:/texlive/2026/texmf-dist/tex/latex/graphics-def/pdftex.def
File: pdftex.def 2025/09/29 v1.2d Graphics/color driver for pdftex
))
\Gin@req@height=\dimen156
\Gin@req@width=\dimen157
) (f:/texlive/2026/texmf-dist/tex/latex/listings/listings.sty
\lst@mode=\count424
\lst@gtempboxa=\box53
\lst@token=\toks20
\lst@length=\count425
\lst@currlwidth=\dimen158
\lst@column=\count426
\lst@pos=\count427
\lst@lostspace=\dimen159
\lst@width=\dimen160
\lst@newlines=\count428
\lst@lineno=\count429
\lst@maxwidth=\dimen161
 (f:/texlive/2026/texmf-dist/tex/latex/listings/lstpatch.sty
File: lstpatch.sty 2025/11/14 1.11b (Carsten Heinz)
) (f:/texlive/2026/texmf-dist/tex/latex/listings/lstmisc.sty
File: lstmisc.sty 2025/11/14 1.11b (Carsten Heinz)
\c@lstnumber=\count430
\lst@skipnumbers=\count431
\lst@framebox=\box54
) (f:/texlive/2026/texmf-dist/tex/latex/listings/listings.cfg
File: listings.cfg 2025/11/14 1.11b listings configuration
))
Package: listings 2025/11/14 1.11b (Carsten Heinz)
 (f:/texlive/2026/texmf-dist/tex/latex/graphics/color.sty
Package: color 2026-05-17 v1.3f Standard LaTeX Color (DPC)
 (f:/texlive/2026/texmf-dist/tex/latex/graphics-cfg/color.cfg
File: color.cfg 2016/01/02 v1.6 sample color configuration
)
Package color Info: Driver file: pdftex.def on input line 149.
 (f:/texlive/2026/texmf-dist/tex/latex/graphics/mathcolor.ltx)) (f:/texlive/2026/texmf-dist/tex/latex/amsmath/amsmath.sty
Package: amsmath 2026/05/19 v2.18d AMS math features
\@mathmargin=\skip74

For additional information on amsmath, use the `?' option.
(f:/texlive/2026/texmf-dist/tex/latex/amsmath/amstext.sty
Package: amstext 2024/11/17 v2.01 AMS text
 (f:/texlive/2026/texmf-dist/tex/latex/amsmath/amsgen.sty
File: amsgen.sty 1999/11/30 v2.0 generic functions
\@emptytoks=\toks21
\ex@=\dimen162
)) (f:/texlive/2026/texmf-dist/tex/latex/amsmath/amsbsy.sty
Package: amsbsy 1999/11/29 v1.2d Bold Symbols
\pmbraise@=\dimen163
) (f:/texlive/2026/texmf-dist/tex/latex/amsmath/amsopn.sty
Package: amsopn 2022/04/08 v2.04 operator names
)
\inf@bad=\count432
LaTeX Info: Redefining \frac on input line 233.
\uproot@=\count433
\leftroot@=\count434
LaTeX Info: Redefining \overline on input line 398.
LaTeX Info: Redefining \colon on input line 409.
\classnum@=\count435
\DOTSCASE@=\count436
LaTeX Info: Redefining \ldots on input line 495.
LaTeX Info: Redefining \dots on input line 498.
LaTeX Info: Redefining \cdots on input line 619.
\Mathstrutbox@=\box55
\strutbox@=\box56
LaTeX Info: Redefining \big on input line 721.
LaTeX Info: Redefining \Big on input line 722.
LaTeX Info: Redefining \bigg on input line 723.
LaTeX Info: Redefining \Bigg on input line 724.
\big@size=\dimen164
LaTeX Font Info:    Redeclaring font encoding OML on input line 742.
LaTeX Font Info:    Redeclaring font encoding OMS on input line 743.
\macc@depth=\count437
LaTeX Info: Redefining \bmod on input line 904.
LaTeX Info: Redefining \pmod on input line 909.
LaTeX Info: Redefining \smash on input line 939.
LaTeX Info: Redefining \relbar on input line 969.
LaTeX Info: Redefining \Relbar on input line 970.
\c@MaxMatrixCols=\count438
\dotsspace@=\muskip22
\c@parentequation=\count439
\dspbrk@lvl=\count440
\tag@help=\toks22
\row@=\count441
\column@=\count442
\maxfields@=\count443
\andhelp@=\toks23
\eqnshift@=\dimen165
\alignsep@=\dimen166
\tagshift@=\dimen167
\tagwidth@=\dimen168
\totwidth@=\dimen169
\lineht@=\dimen170
\@envbody=\toks24
\multlinegap=\skip75
\multlinetaggap=\skip76
\mathdisplay@stack=\toks25
LaTeX Info: Redefining \[ on input line 2965.
LaTeX Info: Redefining \] on input line 2966.
) (f:/texlive/2026/texmf-dist/tex/latex/algorithms/algorithm.sty
Package: algorithm 2009/08/24 v0.1 Document Style `algorithm' - floating environment
 (f:/texlive/2026/texmf-dist/tex/latex/float/float.sty
Package: float 2001/11/08 v1.3d Float enhancements (AL)
\c@float@type=\count444
\float@exts=\toks26
\float@box=\box57
\@float@everytoks=\toks27
\@floatcapt=\box58
)
\@float@every@algorithm=\toks28
\c@algorithm=\count445
) (f:/texlive/2026/texmf-dist/tex/latex/algorithmicx/algpseudocode.sty
Package: algpseudocode 
 (f:/texlive/2026/texmf-dist/tex/latex/algorithmicx/algorithmicx.sty
Package: algorithmicx 2005/04/27 v1.2 Algorithmicx

Document Style algorithmicx 1.2 - a greatly improved `algorithmic' style
\c@ALG@line=\count446
\c@ALG@rem=\count447
\c@ALG@nested=\count448
\ALG@tlm=\skip77
\ALG@thistlm=\skip78
\c@ALG@Lnr=\count449
\c@ALG@blocknr=\count450
\c@ALG@storecount=\count451
\c@ALG@tmpcounter=\count452
\ALG@tmplength=\skip79
)
Document Style - pseudocode environments for use with the `algorithmicx' style
) (f:/texlive/2026/texmf-dist/tex/latex/multirow/multirow.sty
Package: multirow 2024/11/12 v2.9 Span multiple rows of a table
\multirow@colwidth=\skip80
\multirow@cntb=\count453
\multirow@dima=\skip81
\bigstrutjot=\dimen171
) (f:/texlive/2026/texmf-dist/tex/latex/tools/array.sty
Package: array 2026/02/24 v2.7b Tabular extension package (FMi)
\col@sep=\dimen172
\ar@mcellbox=\box59
\extrarowheight=\dimen173
\NC@list=\toks29
\extratabsurround=\skip82
\backup@length=\skip83
\ar@cellbox=\box60
) (f:/texlive/2026/texmf-dist/tex/latex/titlesec/titlesec.sty
Package: titlesec 2025/01/04 v2.17 Sectioning titles
\ttl@box=\box61
\beforetitleunit=\skip84
\aftertitleunit=\skip85
\ttl@plus=\dimen174
\ttl@minus=\dimen175
\ttl@toksa=\toks30
\titlewidth=\dimen176
\titlewidthlast=\dimen177
\titlewidthfirst=\dimen178
) (f:/texlive/2026/texmf-dist/tex/latex/setspace/setspace.sty
Package: setspace 2022/12/04 v6.7b set line spacing
) (f:/texlive/2026/texmf-dist/tex/latex/tools/indentfirst.sty
Package: indentfirst 2023/07/02 v1.03 Indent first paragraph (DPC)
) (f:/texlive/2026/texmf-dist/tex/latex/geometry/geometry.sty
Package: geometry 2026/03/07 v6.0 Page Geometry
 (f:/texlive/2026/texmf-dist/tex/generic/iftex/ifvtex.sty
Package: ifvtex 2019/10/25 v1.7 ifvtex legacy package. Use iftex instead.
)
\Gm@cnth=\count454
\Gm@cntv=\count455
\c@Gm@tempcnt=\count456
\Gm@bindingoffset=\dimen179
\Gm@wd@mp=\dimen180
\Gm@odd@mp=\dimen181
\Gm@even@mp=\dimen182
\Gm@layoutwidth=\dimen183
\Gm@layoutheight=\dimen184
\Gm@layouthoffset=\dimen185
\Gm@layoutvoffset=\dimen186
\Gm@dimlist=\toks31
) (f:/texlive/2026/texmf-dist/tex/latex/pgf/frontendlayer/tikz.sty (f:/texlive/2026/texmf-dist/tex/latex/pgf/basiclayer/pgf.sty (f:/texlive/2026/texmf-dist/tex/latex/pgf/utilities/pgfrcs.sty (f:/texlive/2026/texmf-dist/tex/generic/pgf/utilities/pgfutil-common.tex
\pgfutil@everybye=\toks32
\pgfutil@tempdima=\dimen187
\pgfutil@tempdimb=\dimen188
) (f:/texlive/2026/texmf-dist/tex/generic/pgf/utilities/pgfutil-latex.def
\pgfutil@abb=\box62
) (f:/texlive/2026/texmf-dist/tex/generic/pgf/utilities/pgfrcs.code.tex (f:/texlive/2026/texmf-dist/tex/generic/pgf/pgf.revision.tex)
Package: pgfrcs 2025-08-29 v3.1.11a (3.1.11a)
))
Package: pgf 2025-08-29 v3.1.11a (3.1.11a)
 (f:/texlive/2026/texmf-dist/tex/latex/pgf/basiclayer/pgfcore.sty (f:/texlive/2026/texmf-dist/tex/latex/pgf/systemlayer/pgfsys.sty (f:/texlive/2026/texmf-dist/tex/generic/pgf/systemlayer/pgfsys.code.tex
Package: pgfsys 2025-08-29 v3.1.11a (3.1.11a)
 (f:/texlive/2026/texmf-dist/tex/generic/pgf/utilities/pgfkeys.code.tex
\pgfkeys@pathtoks=\toks33
\pgfkeys@temptoks=\toks34
 (f:/texlive/2026/texmf-dist/tex/generic/pgf/utilities/pgfkeyslibraryfiltered.code.tex
\pgfkeys@tmptoks=\toks35
))
\pgf@x=\dimen189
\pgf@y=\dimen190
\pgf@xa=\dimen191
\pgf@ya=\dimen192
\pgf@xb=\dimen193
\pgf@yb=\dimen194
\pgf@xc=\dimen195
\pgf@yc=\dimen196
\pgf@xd=\dimen197
\pgf@yd=\dimen198
\w@pgf@writea=\write4
\r@pgf@reada=\read3
\c@pgf@counta=\count457
\c@pgf@countb=\count458
\c@pgf@countc=\count459
\c@pgf@countd=\count460
\t@pgf@toka=\toks36
\t@pgf@tokb=\toks37
\t@pgf@tokc=\toks38
\pgf@sys@id@count=\count461
 (f:/texlive/2026/texmf-dist/tex/generic/pgf/systemlayer/pgf.cfg
File: pgf.cfg 2025-08-29 v3.1.11a (3.1.11a)
)
Driver file for pgf: pgfsys-pdftex.def
 (f:/texlive/2026/texmf-dist/tex/generic/pgf/systemlayer/pgfsys-pdftex.def
File: pgfsys-pdftex.def 2025-08-29 v3.1.11a (3.1.11a)
 (f:/texlive/2026/texmf-dist/tex/generic/pgf/systemlayer/pgfsys-common-pdf.def
File: pgfsys-common-pdf.def 2025-08-29 v3.1.11a (3.1.11a)
))) (f:/texlive/2026/texmf-dist/tex/generic/pgf/systemlayer/pgfsyssoftpath.code.tex
File: pgfsyssoftpath.code.tex 2025-08-29 v3.1.11a (3.1.11a)
\pgfsyssoftpath@smallbuffer@items=\count462
\pgfsyssoftpath@bigbuffer@items=\count463
) (f:/texlive/2026/texmf-dist/tex/generic/pgf/systemlayer/pgfsysprotocol.code.tex
File: pgfsysprotocol.code.tex 2025-08-29 v3.1.11a (3.1.11a)
)) (f:/texlive/2026/texmf-dist/tex/latex/xcolor/xcolor.sty
Package: xcolor 2024/09/29 v3.02 LaTeX color extensions (UK)
 (f:/texlive/2026/texmf-dist/tex/latex/graphics-cfg/color.cfg
File: color.cfg 2016/01/02 v1.6 sample color configuration
)
Package xcolor Info: Driver file: pdftex.def on input line 274.
LaTeX Info: Redefining \color on input line 762.
 (f:/texlive/2026/texmf-dist/tex/latex/graphics/mathcolor.ltx)
Package xcolor Info: Model `cmy' substituted by `cmy0' on input line 1349.
Package xcolor Info: Model `hsb' substituted by `rgb' on input line 1353.
Package xcolor Info: Model `RGB' extended on input line 1365.
Package xcolor Info: Model `HTML' substituted by `rgb' on input line 1367.
Package xcolor Info: Model `Hsb' substituted by `hsb' on input line 1368.
Package xcolor Info: Model `tHsb' substituted by `hsb' on input line 1369.
Package xcolor Info: Model `HSB' substituted by `hsb' on input line 1370.
Package xcolor Info: Model `Gray' substituted by `gray' on input line 1371.
Package xcolor Info: Model `wave' substituted by `hsb' on input line 1372.
) (f:/texlive/2026/texmf-dist/tex/generic/pgf/basiclayer/pgfcore.code.tex
Package: pgfcore 2025-08-29 v3.1.11a (3.1.11a)
 (f:/texlive/2026/texmf-dist/tex/generic/pgf/math/pgfmath.code.tex (f:/texlive/2026/texmf-dist/tex/generic/pgf/math/pgfmathutil.code.tex) (f:/texlive/2026/texmf-dist/tex/generic/pgf/math/pgfmathparser.code.tex
\pgfmath@dimen=\dimen199
\pgfmath@count=\count464
\pgfmath@box=\box63
\pgfmath@toks=\toks39
\pgfmath@stack@operand=\toks40
\pgfmath@stack@operation=\toks41
) (f:/texlive/2026/texmf-dist/tex/generic/pgf/math/pgfmathfunctions.code.tex) (f:/texlive/2026/texmf-dist/tex/generic/pgf/math/pgfmathfunctions.basic.code.tex) (f:/texlive/2026/texmf-dist/tex/generic/pgf/math/pgfmathfunctions.trigonometric.code.tex) (f:/texlive/2026/texmf-dist/tex/generic/pgf/math/pgfmathfunctions.random.code.tex) (f:/texlive/2026/texmf-dist/tex/generic/pgf/math/pgfmathfunctions.comparison.code.tex) (f:/texlive/2026/texmf-dist/tex/generic/pgf/math/pgfmathfunctions.base.code.tex) (f:/texlive/2026/texmf-dist/tex/generic/pgf/math/pgfmathfunctions.round.code.tex) (f:/texlive/2026/texmf-dist/tex/generic/pgf/math/pgfmathfunctions.misc.code.tex) (f:/texlive/2026/texmf-dist/tex/generic/pgf/math/pgfmathfunctions.integerarithmetics.code.tex) (f:/texlive/2026/texmf-dist/tex/generic/pgf/math/pgfmathcalc.code.tex) (f:/texlive/2026/texmf-dist/tex/generic/pgf/math/pgfmathfloat.code.tex
\c@pgfmathroundto@lastzeros=\count465
)) (f:/texlive/2026/texmf-dist/tex/generic/pgf/math/pgfint.code.tex) (f:/texlive/2026/texmf-dist/tex/generic/pgf/basiclayer/pgfcorepoints.code.tex
File: pgfcorepoints.code.tex 2025-08-29 v3.1.11a (3.1.11a)
\pgf@picminx=\dimen256
\pgf@picmaxx=\dimen257
\pgf@picminy=\dimen258
\pgf@picmaxy=\dimen259
\pgf@pathminx=\dimen260
\pgf@pathmaxx=\dimen261
\pgf@pathminy=\dimen262
\pgf@pathmaxy=\dimen263
\pgf@xx=\dimen264
\pgf@xy=\dimen265
\pgf@yx=\dimen266
\pgf@yy=\dimen267
\pgf@zx=\dimen268
\pgf@zy=\dimen269
) (f:/texlive/2026/texmf-dist/tex/generic/pgf/basiclayer/pgfcorepathconstruct.code.tex
File: pgfcorepathconstruct.code.tex 2025-08-29 v3.1.11a (3.1.11a)
\pgf@path@lastx=\dimen270
\pgf@path@lasty=\dimen271
) (f:/texlive/2026/texmf-dist/tex/generic/pgf/basiclayer/pgfcorepathusage.code.tex
File: pgfcorepathusage.code.tex 2025-08-29 v3.1.11a (3.1.11a)
\pgf@shorten@end@additional=\dimen272
\pgf@shorten@start@additional=\dimen273
) (f:/texlive/2026/texmf-dist/tex/generic/pgf/basiclayer/pgfcorescopes.code.tex
File: pgfcorescopes.code.tex 2025-08-29 v3.1.11a (3.1.11a)
\pgfpic=\box64
\pgf@hbox=\box65
\pgf@layerbox@main=\box66
\pgf@picture@serial@count=\count466
) (f:/texlive/2026/texmf-dist/tex/generic/pgf/basiclayer/pgfcoregraphicstate.code.tex
File: pgfcoregraphicstate.code.tex 2025-08-29 v3.1.11a (3.1.11a)
\pgflinewidth=\dimen274
) (f:/texlive/2026/texmf-dist/tex/generic/pgf/basiclayer/pgfcoretransformations.code.tex
File: pgfcoretransformations.code.tex 2025-08-29 v3.1.11a (3.1.11a)
\pgf@pt@x=\dimen275
\pgf@pt@y=\dimen276
\pgf@pt@temp=\dimen277
) (f:/texlive/2026/texmf-dist/tex/generic/pgf/basiclayer/pgfcorequick.code.tex
File: pgfcorequick.code.tex 2025-08-29 v3.1.11a (3.1.11a)
) (f:/texlive/2026/texmf-dist/tex/generic/pgf/basiclayer/pgfcoreobjects.code.tex
File: pgfcoreobjects.code.tex 2025-08-29 v3.1.11a (3.1.11a)
) (f:/texlive/2026/texmf-dist/tex/generic/pgf/basiclayer/pgfcorepathprocessing.code.tex
File: pgfcorepathprocessing.code.tex 2025-08-29 v3.1.11a (3.1.11a)
) (f:/texlive/2026/texmf-dist/tex/generic/pgf/basiclayer/pgfcorearrows.code.tex
File: pgfcorearrows.code.tex 2025-08-29 v3.1.11a (3.1.11a)
\pgfarrowsep=\dimen278
) (f:/texlive/2026/texmf-dist/tex/generic/pgf/basiclayer/pgfcoreshade.code.tex
File: pgfcoreshade.code.tex 2025-08-29 v3.1.11a (3.1.11a)
\pgf@max=\dimen279
\pgf@sys@shading@range@num=\count467
\pgf@shadingcount=\count468
) (f:/texlive/2026/texmf-dist/tex/generic/pgf/basiclayer/pgfcoreimage.code.tex
File: pgfcoreimage.code.tex 2025-08-29 v3.1.11a (3.1.11a)
) (f:/texlive/2026/texmf-dist/tex/generic/pgf/basiclayer/pgfcoreexternal.code.tex
File: pgfcoreexternal.code.tex 2025-08-29 v3.1.11a (3.1.11a)
\pgfexternal@startupbox=\box67
) (f:/texlive/2026/texmf-dist/tex/generic/pgf/basiclayer/pgfcorelayers.code.tex
File: pgfcorelayers.code.tex 2025-08-29 v3.1.11a (3.1.11a)
) (f:/texlive/2026/texmf-dist/tex/generic/pgf/basiclayer/pgfcoretransparency.code.tex
File: pgfcoretransparency.code.tex 2025-08-29 v3.1.11a (3.1.11a)
) (f:/texlive/2026/texmf-dist/tex/generic/pgf/basiclayer/pgfcorepatterns.code.tex
File: pgfcorepatterns.code.tex 2025-08-29 v3.1.11a (3.1.11a)
) (f:/texlive/2026/texmf-dist/tex/generic/pgf/basiclayer/pgfcorerdf.code.tex
File: pgfcorerdf.code.tex 2025-08-29 v3.1.11a (3.1.11a)
))) (f:/texlive/2026/texmf-dist/tex/generic/pgf/modules/pgfmoduleshapes.code.tex
File: pgfmoduleshapes.code.tex 2025-08-29 v3.1.11a (3.1.11a)
\pgfnodeparttextbox=\box68
) (f:/texlive/2026/texmf-dist/tex/generic/pgf/modules/pgfmoduleplot.code.tex
File: pgfmoduleplot.code.tex 2025-08-29 v3.1.11a (3.1.11a)
) (f:/texlive/2026/texmf-dist/tex/latex/pgf/compatibility/pgfcomp-version-0-65.sty
Package: pgfcomp-version-0-65 2025-08-29 v3.1.11a (3.1.11a)
\pgf@nodesepstart=\dimen280
\pgf@nodesepend=\dimen281
) (f:/texlive/2026/texmf-dist/tex/latex/pgf/compatibility/pgfcomp-version-1-18.sty
Package: pgfcomp-version-1-18 2025-08-29 v3.1.11a (3.1.11a)
)) (f:/texlive/2026/texmf-dist/tex/latex/pgf/utilities/pgffor.sty (f:/texlive/2026/texmf-dist/tex/latex/pgf/utilities/pgfkeys.sty (f:/texlive/2026/texmf-dist/tex/generic/pgf/utilities/pgfkeys.code.tex)) (f:/texlive/2026/texmf-dist/tex/latex/pgf/math/pgfmath.sty (f:/texlive/2026/texmf-dist/tex/generic/pgf/math/pgfmath.code.tex)) (f:/texlive/2026/texmf-dist/tex/generic/pgf/utilities/pgffor.code.tex
Package: pgffor 2025-08-29 v3.1.11a (3.1.11a)
\pgffor@iter=\dimen282
\pgffor@skip=\dimen283
\pgffor@stack=\toks42
\pgffor@toks=\toks43
)) (f:/texlive/2026/texmf-dist/tex/generic/pgf/frontendlayer/tikz/tikz.code.tex
Package: tikz 2025-08-29 v3.1.11a (3.1.11a)
 (f:/texlive/2026/texmf-dist/tex/generic/pgf/libraries/pgflibraryplothandlers.code.tex
File: pgflibraryplothandlers.code.tex 2025-08-29 v3.1.11a (3.1.11a)
\pgf@plot@mark@count=\count469
\pgfplotmarksize=\dimen284
)
\tikz@lastx=\dimen285
\tikz@lasty=\dimen286
\tikz@lastxsaved=\dimen287
\tikz@lastysaved=\dimen288
\tikz@lastmovetox=\dimen289
\tikz@lastmovetoy=\dimen290
\tikzleveldistance=\dimen291
\tikzsiblingdistance=\dimen292
\tikz@figbox=\box69
\tikz@figbox@bg=\box70
\tikz@tempbox=\box71
\tikz@tempbox@bg=\box72
\tikztreelevel=\count470
\tikznumberofchildren=\count471
\tikznumberofcurrentchild=\count472
\tikz@fig@count=\count473
 (f:/texlive/2026/texmf-dist/tex/generic/pgf/modules/pgfmodulematrix.code.tex
File: pgfmodulematrix.code.tex 2025-08-29 v3.1.11a (3.1.11a)
\pgfmatrixcurrentrow=\count474
\pgfmatrixcurrentcolumn=\count475
\pgf@matrix@numberofcolumns=\count476
)
\tikz@expandcount=\count477
 (f:/texlive/2026/texmf-dist/tex/generic/pgf/frontendlayer/tikz/libraries/tikzlibrarytopaths.code.tex
File: tikzlibrarytopaths.code.tex 2025-08-29 v3.1.11a (3.1.11a)
))) (f:/texlive/2026/texmf-dist/tex/generic/pgf/frontendlayer/tikz/libraries/tikzlibrarycalc.code.tex
File: tikzlibrarycalc.code.tex 2025-08-29 v3.1.11a (3.1.11a)
)
\@quotelevel=\count478
\@quotereset=\count479
 (./main.aux (./Appendix/commitment.aux) (./Appendix/edit.aux

LaTeX Warning: Label `thanks' multiply defined.

) (./Appendix/advisor.aux

LaTeX Warning: Label `thanks' multiply defined.

) (./Appendix/reviewer.aux

LaTeX Warning: Label `thanks' multiply defined.

) (./Appendix/thanks.aux

LaTeX Warning: Label `thanks' multiply defined.

) (./Appendix/proposal.aux

LaTeX Warning: Label `thanks' multiply defined.

) (./Appendix/summary.aux) (./Chapter1/chapter1.aux) (./Chapter2/chapter2.aux) (./Chapter3/chapter3.aux) (./Appendix/publish.aux) (./Appendix/appendix1.aux

LaTeX Warning: Label `Appendix1' multiply defined.

) (./Appendix/appendix2.aux))
\openout1 = `main.aux'.

LaTeX Font Info:    Checking defaults for OML/cmm/m/it on input line 126.
LaTeX Font Info:    ... okay on input line 126.
LaTeX Font Info:    Checking defaults for OMS/cmsy/m/n on input line 126.
LaTeX Font Info:    ... okay on input line 126.
LaTeX Font Info:    Checking defaults for OT1/cmr/m/n on input line 126.
LaTeX Font Info:    ... okay on input line 126.
LaTeX Font Info:    Checking defaults for T1/cmr/m/n on input line 126.
LaTeX Font Info:    ... okay on input line 126.
LaTeX Font Info:    Checking defaults for TS1/cmr/m/n on input line 126.
LaTeX Font Info:    ... okay on input line 126.
LaTeX Font Info:    Checking defaults for OMX/cmex/m/n on input line 126.
LaTeX Font Info:    ... okay on input line 126.
LaTeX Font Info:    Checking defaults for U/cmr/m/n on input line 126.
LaTeX Font Info:    ... okay on input line 126.
LaTeX Font Info:    Checking defaults for T5/cmr/m/n on input line 126.
LaTeX Font Info:    ... okay on input line 126.
LaTeX Font Info:    Checking defaults for PD1/pdf/m/n on input line 126.
LaTeX Font Info:    ... okay on input line 126.
LaTeX Font Info:    Checking defaults for PU/pdf/m/n on input line 126.
LaTeX Font Info:    ... okay on input line 126.
Package biblatex Info: Trying to load language 'english'...
Package biblatex Info: ... file 'english.lbx' found.
 (f:/texlive/2026/texmf-dist/tex/latex/biblatex/lbx/english.lbx
File: english.lbx 2025/07/10 v3.21 biblatex localization (PK/MW)
)
Package biblatex Info: Input encoding 'utf8' detected.
Package biblatex Info: Automatic encoding selection.
(biblatex)             Assuming data encoding 'utf8'.
\openout3 = `main.bcf'.

Package biblatex Info: Trying to load bibliographic data...
Package biblatex Info: ... file 'main.bbl' found.
 (./main.bbl

Package biblatex Warning: The following entry could not be found
(biblatex)                in the database:
(biblatex)                Algorithm
(biblatex)                Please verify the spelling and rerun
(biblatex)                LaTeX afterwards.

)
Package biblatex Info: Reference section=0 on input line 126.
Package biblatex Info: Reference segment=0 on input line 126.
Package hyperref Info: Link coloring OFF on input line 126.
 (./main.out) (./main.out)
\@outlinefile=\write5
\openout5 = `main.out'.

 (f:/texlive/2026/texmf-dist/tex/context/base/mkii/supp-pdf.mkii
[Loading MPS to PDF converter (version 2006.09.02).]
\scratchcounter=\count480
\scratchdimen=\dimen293
\scratchbox=\box73
\nofMPsegments=\count481
\nofMParguments=\count482
\everyMPshowfont=\toks44
\MPscratchCnt=\count483
\MPscratchDim=\dimen294
\MPnumerator=\count484
\makeMPintoPDFobject=\count485
\everyMPtoPDFconversion=\toks45
) (f:/texlive/2026/texmf-dist/tex/latex/epstopdf-pkg/epstopdf-base.sty
Package: epstopdf-base 2020-01-24 v2.11 Base part for package epstopdf
Package epstopdf-base Info: Redefining graphics rule for `.eps' on input line 485.
 (f:/texlive/2026/texmf-dist/tex/latex/latexconfig/epstopdf-sys.cfg
File: epstopdf-sys.cfg 2010/07/13 v1.3 Configuration of (r)epstopdf for TeX Live
))
\c@lstlisting=\count486

*geometry* driver: auto-detecting
*geometry* detected driver: pdftex
*geometry* verbose mode - [ preamble ] result:
* driver: pdftex
* paper: a4paper
* layout: <same size as paper>
* layoutoffset:(h,v)=(0.0pt,0.0pt)
* modes: includefoot 
* h-part:(L,W,R)=(85.35826pt, 455.24411pt, 56.9055pt)
* v-part:(T,H,B)=(85.35826pt, 688.5567pt, 71.13188pt)
* \paperwidth=597.50787pt
* \paperheight=845.04684pt
* \textwidth=455.24411pt
* \textheight=658.5567pt
* \oddsidemargin=13.08827pt
* \evensidemargin=13.08827pt
* \topmargin=-25.91173pt
* \headheight=14.0pt
* \headsep=25.0pt
* \topskip=14.0pt
* \footskip=30.0pt
* \marginparwidth=15.0pt
* \marginparsep=10.0pt
* \columnsep=10.0pt
* \skip\footins=12.0pt plus 4.0pt minus 2.0pt
* \hoffset=0.0pt
* \voffset=0.0pt
* \mag=1000
* \@twocolumnfalse
* \@twosidefalse
* \@mparswitchfalse
* \@reversemarginfalse
* (1in=72.27pt=25.4mm, 1cm=28.453pt)

(./Title/title.tex [1

{f:/texlive/2026/texmf-var/fonts/map/pdftex/updmap/pdftex.map}] [1])
\openout2 = `Appendix/commitment.aux'.

 (./Appendix/commitment.tex) [1



]
\openout2 = `Appendix/edit.aux'.

 (./Appendix/edit.tex) [2




]
\openout2 = `Appendix/advisor.aux'.

 (./Appendix/advisor.tex) [3




]
\openout2 = `Appendix/reviewer.aux'.

 (./Appendix/reviewer.tex) [4




]
\openout2 = `Appendix/thanks.aux'.

 (./Appendix/thanks.tex) [5




]
\openout2 = `Appendix/proposal.aux'.

 (./Appendix/proposal.tex) [6




] (./main.toc [7



])
\tf@toc=\write6
\openout6 = `main.toc'.

 [8] (./main.lof)
\tf@lof=\write7
\openout7 = `main.lof'.

 [9


] (./main.lot)
\tf@lot=\write8
\openout8 = `main.lot'.

 [10


]
\openout2 = `Appendix/summary.aux'.

 (./Appendix/summary.tex) [11


]
\openout2 = `Chapter1/chapter1.aux'.

 (./Chapter1/chapter1.tex
Chương 1.
)
pdfTeX warning (ext4): destination with the same identifier (name{page.1}) has been already used, duplicate ignored
<to be read again> 
                   \relax 
l.182 \include{Chapter1/chapter1}
                                  [1





]
\openout2 = `Chapter2/chapter2.aux'.

 (./Chapter2/chapter2.tex
Chương 2.
[2




] [3{f:/texlive/2026/texmf-dist/fonts/enc/dvips/cm-super/cm-super-ts1.enc}] [4] [5]) [6] [7]
\openout2 = `Chapter3/chapter3.aux'.

 (./Chapter3/chapter3.tex
Chương 3.

LaTeX Warning: Command \textbackslash invalid in math mode on input line 6.


Package xcolor Warning: Incompatible color definition on input line 16.


Package xcolor Warning: Incompatible color definition on input line 16.


Package xcolor Warning: Incompatible color definition on input line 16.


Package xcolor Warning: Incompatible color definition on input line 17.

(f:/texlive/2026/texmf-dist/tex/latex/listings/lstlang1.sty
File: lstlang1.sty 2025/11/14 1.11b listings language file
)

Package xcolor Warning: Incompatible color definition on input line 22.


Package xcolor Warning: Incompatible color definition on input line 22.


Package xcolor Warning: Incompatible color definition on input line 22.


Package xcolor Warning: Incompatible color definition on input line 23.


Package xcolor Warning: Incompatible color definition on input line 23.


Package xcolor Warning: Incompatible color definition on input line 23.


Package xcolor Warning: Incompatible color definition on input line 23.


Package xcolor Warning: Incompatible color definition on input line 23.


Package xcolor Warning: Incompatible color definition on input line 23.


Package xcolor Warning: Incompatible color definition on input line 23.


Package xcolor Warning: Incompatible color definition on input line 23.

(f:/texlive/2026/texmf-dist/tex/latex/listings/lstlang1.sty
File: lstlang1.sty 2025/11/14 1.11b listings language file
) (f:/texlive/2026/texmf-dist/tex/latex/listings/lstlang1.sty
File: lstlang1.sty 2025/11/14 1.11b listings language file
) (f:/texlive/2026/texmf-dist/tex/latex/listings/lstmisc.sty
File: lstmisc.sty 2025/11/14 1.11b (Carsten Heinz)
)
Package hyperref Info: bookmark level for unknown lstlisting defaults to 0 on input line 28.


Package xcolor Warning: Incompatible color definition on input line 28.


Package xcolor Warning: Incompatible color definition on input line 28.


Package xcolor Warning: Incompatible color definition on input line 28.

(./SourceCode/hello.cpp

Package xcolor Warning: Incompatible color definition on input line 1.


Package xcolor Warning: Incompatible color definition on input line 3.


Package xcolor Warning: Incompatible color definition on input line 3.

[8




]

Package xcolor Warning: Incompatible color definition on input line 4.


Package xcolor Warning: Incompatible color definition on input line 5.


Package xcolor Warning: Incompatible color definition on input line 6.


Package xcolor Warning: Incompatible color definition on input line 7.


Package xcolor Warning: Incompatible color definition on input line 7.


Package xcolor Warning: Incompatible color definition on input line 7.


Package xcolor Warning: Incompatible color definition on input line 7.


Package xcolor Warning: Incompatible color definition on input line 7.


Package xcolor Warning: Incompatible color definition on input line 7.


Package xcolor Warning: Incompatible color definition on input line 7.


Package xcolor Warning: Incompatible color definition on input line 7.


Package xcolor Warning: Incompatible color definition on input line 8.


Package xcolor Warning: Incompatible color definition on input line 9.

)

LaTeX Warning: Citation 'Algorithm' on page 9 undefined on input line 30.


Package xcolor Warning: Incompatible color definition on input line 32.


Package xcolor Warning: Incompatible color definition on input line 32.


Package xcolor Warning: Incompatible color definition on input line 32.


Package xcolor Warning: Incompatible color definition on input line 33.

Package hyperref Info: bookmark level for unknown algorithm defaults to 0 on input line 39.

Package xcolor Warning: Incompatible color definition on input line 65.


Package xcolor Warning: Incompatible color definition on input line 65.


Package xcolor Warning: Incompatible color definition on input line 65.


Package xcolor Warning: Incompatible color definition on input line 66.

<images/logo.png, id=286, 597.23125pt x 260.975pt>
File: images/logo.png Graphic file (type png)
<use images/logo.png>
Package pdftex.def Info: images/logo.png  used on input line 73.
(pdftex.def)             Requested size: 256.0748pt x 111.89848pt.
File: images/logo.png Graphic file (type png)
<use images/logo.png>
Package pdftex.def Info: images/logo.png  used on input line 80.
(pdftex.def)             Requested size: 170.71652pt x 74.59766pt.
[9]
Underfull \hbox (badness 10000) in paragraph at lines 100--100
[]|\T5/cmr/m/n/14.4 Country
 []


Underfull \hbox (badness 2293) in paragraph at lines 100--100
[]|\T5/cmr/m/n/14.4 ISO AL-PHA
 []


Underfull \hbox (badness 2293) in paragraph at lines 100--100
[]|\T5/cmr/m/n/14.4 ISO AL-PHA
 []


Underfull \hbox (badness 3713) in paragraph at lines 100--101
[]|\T5/cmr/m/n/14.4 ISO nu-meric
 []


Underfull \hbox (badness 10000) in paragraph at lines 106--106
[]|\T5/cmr/m/n/14.4 American
 []

) [10
pdfTeX warning (ext4): destination with the same identifier (name{figure.3.1}) has been already used, duplicate ignored
<argument> ...shipout:D \box_use:N \l_shipout_box 
                                                  \__shipout_drop_firstpage_...
l.186 \include{Chapter3/chapter3}
                                 
pdfTeX warning (ext4): destination with the same identifier (name{figure.3.2}) has been already used, duplicate ignored
<argument> ...shipout:D \box_use:N \l_shipout_box 
                                                  \__shipout_drop_firstpage_...
l.186 \include{Chapter3/chapter3}
                                  <./images/logo.png>] [11
pdfTeX warning (ext4): destination with the same identifier (name{table.3.1}) has been already used, duplicate ignored
<argument> ...shipout:D \box_use:N \l_shipout_box 
                                                  \__shipout_drop_firstpage_...
l.186 \include{Chapter3/chapter3}
                                 ]
\openout2 = `Appendix/publish.aux'.

 (./Appendix/publish.tex) [12




]

Package biblatex Warning: Split bibliography detected.
(biblatex)                Many simple split bibliography setups with
(biblatex)                non-overlapping bibliographies benefit from
(biblatex)                setting 'defernumbers=true'.
(biblatex)                See the documentation for details.
(biblatex)                This warning can be suppressed with
(biblatex)                '\BiblatexSplitbibDefernumbersWarningOff'.


Package biblatex Warning: Option 'resetnumbers' requires 'defernumbers=true'.
(biblatex)                Ignoring 'resetnumbers=true' on input line 200.

LaTeX Font Info:    Trying to load font information for T5+cmtt on input line 200.
(f:/texlive/2026/texmf-dist/tex/latex/vntex/t5cmtt.fd
File: t5cmtt.fd 1999/05/25 v2.5h Standard LaTeX font definitions
)

Package biblatex Warning: Split bibliography detected.
(biblatex)                Many simple split bibliography setups with
(biblatex)                non-overlapping bibliographies benefit from
(biblatex)                setting 'defernumbers=true'.
(biblatex)                See the documentation for details.
(biblatex)                This warning can be suppressed with
(biblatex)                '\BiblatexSplitbibDefernumbersWarningOff'.


Package biblatex Warning: Option 'resetnumbers' requires 'defernumbers=true'.
(biblatex)                Ignoring 'resetnumbers=true' on input line 205.


Package biblatex Warning: Name format 'last-first' deprecated.
(biblatex)                Please use 'family-given' instead.
(biblatex)                Using 'family-given' now.

[13



]
Overfull \hbox (3.63881pt too wide) in paragraph at lines 205--205
\T5/cmr/m/n/14.4 [On-line]. Avail-able: []$\T5/cmtt/m/n/14.4 http : / / en . wikibooks . org / wiki / LaTeX / Floats ,[]
 []

[14]
\openout2 = `Appendix/appendix1.aux'.

 (./Appendix/appendix1.tex
Phụ lục A.
) [15


]
\openout2 = `Appendix/appendix2.aux'.

 (./Appendix/appendix2.tex
Phụ lục B.
) [16




] (./main.aux (./Appendix/commitment.aux) (./Appendix/edit.aux) (./Appendix/advisor.aux) (./Appendix/reviewer.aux) (./Appendix/thanks.aux) (./Appendix/proposal.aux) (./Appendix/summary.aux) (./Chapter1/chapter1.aux) (./Chapter2/chapter2.aux) (./Chapter3/chapter3.aux) (./Appendix/publish.aux) (./Appendix/appendix1.aux) (./Appendix/appendix2.aux))
 ***********
LaTeX2e <2026-06-01>
L3 programming layer <2026-06-18>
 ***********


LaTeX Warning: There were multiply-defined labels.

Package rerunfilecheck Info: File `main.out' has not changed.
(rerunfilecheck)             Checksum: 0D7E0F117AD807CFB11861038641EE65;4331.
Package logreq Info: Writing requests to 'main.run.xml'.
\openout1 = `main.run.xml'.

 ) 
Here is how much of TeX's memory you used:
 31840 strings out of 467168
 591741 string characters out of 5413705
 1453677 words of memory out of 5000000
 60442 multiletter control sequences out of 15000+600000
 644955 words of font info for 64 fonts, out of 8000000 for 9000
 1141 hyphenation exceptions out of 8191
 84i,9n,104p,703b,2168s stack positions out of 10000i,1000n,20000p,200000b,200000s

pdfTeX warning (dest): name{Hfootnote.1} has been referenced but does not exist, replaced by a fixed one

<f:/texlive/2026/texmf-dist/fonts/type1/public/amsfonts/cm/cmmi10.pfb><f:/texlive/2026/texmf-dist/fonts/type1/public/amsfonts/cm/cmmi12.pfb><f:/texlive/2026/texmf-dist/fonts/type1/public/amsfonts/cm/cmmi7.pfb><f:/texlive/2026/texmf-dist/fonts/type1/public/amsfonts/cm/cmr10.pfb><f:/texlive/2026/texmf-dist/fonts/type1/public/amsfonts/cm/cmr12.pfb><f:/texlive/2026/texmf-dist/fonts/type1/public/amsfonts/cm/cmr7.pfb><f:/texlive/2026/texmf-dist/fonts/type1/public/amsfonts/cm/cmsy10.pfb><f:/texlive/2026/texmf-dist/fonts/type1/public/cm-super/sfrm1440.pfb><f:/texlive/2026/texmf-dist/fonts/type1/vntex/vnr/vnbx12.pfb><f:/texlive/2026/texmf-dist/fonts/type1/vntex/vnr/vncsc10.pfb><f:/texlive/2026/texmf-dist/fonts/type1/vntex/vnr/vnr10.pfb><f:/texlive/2026/texmf-dist/fonts/type1/vntex/vnr/vnr12.pfb><f:/texlive/2026/texmf-dist/fonts/type1/vntex/vnr/vnr17.pfb><f:/texlive/2026/texmf-dist/fonts/type1/vntex/vnr/vnr6.pfb><f:/texlive/2026/texmf-dist/fonts/type1/vntex/vnr/vnr7.pfb><f:/texlive/2026/texmf-dist/fonts/type1/vntex/vnr/vnti12.pfb><f:/texlive/2026/texmf-dist/fonts/type1/vntex/vnr/vntt12.pfb>
Output written on main.pdf (29 pages, 231195 bytes).
PDF statistics:
 457 PDF objects out of 1000 (max. 8388607)
 386 compressed objects within 4 object streams
 99 named destinations out of 1000 (max. 500000)
 242 words of extra memory for PDF output out of 10000 (max. 10000000)

